Analysis & Synthesis report for Dividers
Mon Jul 13 00:40:37 2026
Quartus Prime Version 25.1std.0 Build 1129 10/21/2025 SC Lite Edition


---------------------
; Table of Contents ;
---------------------
  1. Legal Notice
  2. Analysis & Synthesis Summary
  3. Analysis & Synthesis Settings
  4. Parallel Compilation
  5. Analysis & Synthesis Source Files Read
  6. Analysis & Synthesis Resource Usage Summary
  7. Analysis & Synthesis Resource Utilization by Entity
  8. General Register Statistics
  9. Multiplexer Restructuring Statistics (Restructuring Performed)
 10. Parameter Settings for User Entity Instance: Top-level Entity: |divider
 11. Parameter Settings for User Entity Instance: Register:srca_reg
 12. Parameter Settings for User Entity Instance: Register:srcb_reg
 13. Parameter Settings for User Entity Instance: Register:is_signed_reg
 14. Parameter Settings for User Entity Instance: Register:result_reg
 15. Parameter Settings for User Entity Instance: Register:rem_reg
 16. Parameter Settings for User Entity Instance: Register:div_zero_reg
 17. Port Connectivity Checks: "Register:div_zero_reg"
 18. Port Connectivity Checks: "Register:rem_reg"
 19. Port Connectivity Checks: "Register:result_reg"
 20. Port Connectivity Checks: "Register:is_signed_reg"
 21. Port Connectivity Checks: "Register:srcb_reg"
 22. Port Connectivity Checks: "Register:srca_reg"
 23. Post-Synthesis Netlist Statistics for Top Partition
 24. Elapsed Time Per Partition
 25. Analysis & Synthesis Messages



----------------
; Legal Notice ;
----------------
Copyright (C) 2025  Altera Corporation. All rights reserved.
Your use of Altera Corporation's design tools, logic functions 
and other software and tools, and any partner logic 
functions, and any output files from any of the foregoing 
(including device programming or simulation files), and any 
associated documentation or information are expressly subject 
to the terms and conditions of the Altera Program License 
Subscription Agreement, the Altera Quartus Prime License Agreement,
the Altera IP License Agreement, or other applicable license
agreement, including, without limitation, that your use is for
the sole purpose of programming logic devices manufactured by
Altera and sold by Altera or its authorized distributors.  Please
refer to the Altera Software License Subscription Agreements 
on the Quartus Prime software download page.



+-----------------------------------------------------------------------------------+
; Analysis & Synthesis Summary                                                      ;
+---------------------------------+-------------------------------------------------+
; Analysis & Synthesis Status     ; Successful - Mon Jul 13 00:40:37 2026           ;
; Quartus Prime Version           ; 25.1std.0 Build 1129 10/21/2025 SC Lite Edition ;
; Revision Name                   ; Dividers                                        ;
; Top-level Entity Name           ; divider                                         ;
; Family                          ; Cyclone V                                       ;
; Logic utilization (in ALMs)     ; N/A                                             ;
; Total registers                 ; 210                                             ;
; Total pins                      ; 212                                             ;
; Total virtual pins              ; 0                                               ;
; Total block memory bits         ; 0                                               ;
; Total DSP Blocks                ; 0                                               ;
; Total HSSI RX PCSs              ; 0                                               ;
; Total HSSI PMA RX Deserializers ; 0                                               ;
; Total HSSI TX PCSs              ; 0                                               ;
; Total HSSI PMA TX Serializers   ; 0                                               ;
; Total PLLs                      ; 0                                               ;
; Total DLLs                      ; 0                                               ;
+---------------------------------+-------------------------------------------------+


+---------------------------------------------------------------------------------------------------------------------------+
; Analysis & Synthesis Settings                                                                                             ;
+---------------------------------------------------------------------------------+--------------------+--------------------+
; Option                                                                          ; Setting            ; Default Value      ;
+---------------------------------------------------------------------------------+--------------------+--------------------+
; Device                                                                          ; 5CGXFC7C7F23C8     ;                    ;
; Top-level entity name                                                           ; divider            ; Dividers           ;
; Family name                                                                     ; Cyclone V          ; Cyclone V          ;
; Use smart compilation                                                           ; Off                ; Off                ;
; Enable parallel Assembler and Timing Analyzer during compilation                ; On                 ; On                 ;
; Enable compact report table                                                     ; Off                ; Off                ;
; Restructure Multiplexers                                                        ; Auto               ; Auto               ;
; MLAB Add Timing Constraints For Mixed-Port Feed-Through Mode Setting Don't Care ; Off                ; Off                ;
; Create Debugging Nodes for IP Cores                                             ; Off                ; Off                ;
; Preserve fewer node names                                                       ; On                 ; On                 ;
; Intel FPGA IP Evaluation Mode                                                   ; Enable             ; Enable             ;
; Verilog Version                                                                 ; Verilog_2001       ; Verilog_2001       ;
; VHDL Version                                                                    ; VHDL_1993          ; VHDL_1993          ;
; State Machine Processing                                                        ; Auto               ; Auto               ;
; Safe State Machine                                                              ; Off                ; Off                ;
; Extract Verilog State Machines                                                  ; On                 ; On                 ;
; Extract VHDL State Machines                                                     ; On                 ; On                 ;
; Ignore Verilog initial constructs                                               ; Off                ; Off                ;
; Iteration limit for constant Verilog loops                                      ; 5000               ; 5000               ;
; Iteration limit for non-constant Verilog loops                                  ; 250                ; 250                ;
; Add Pass-Through Logic to Inferred RAMs                                         ; On                 ; On                 ;
; Infer RAMs from Raw Logic                                                       ; On                 ; On                 ;
; Parallel Synthesis                                                              ; On                 ; On                 ;
; DSP Block Balancing                                                             ; Auto               ; Auto               ;
; NOT Gate Push-Back                                                              ; On                 ; On                 ;
; Power-Up Don't Care                                                             ; On                 ; On                 ;
; Remove Redundant Logic Cells                                                    ; Off                ; Off                ;
; Remove Duplicate Registers                                                      ; On                 ; On                 ;
; Ignore CARRY Buffers                                                            ; Off                ; Off                ;
; Ignore CASCADE Buffers                                                          ; Off                ; Off                ;
; Ignore GLOBAL Buffers                                                           ; Off                ; Off                ;
; Ignore ROW GLOBAL Buffers                                                       ; Off                ; Off                ;
; Ignore LCELL Buffers                                                            ; Off                ; Off                ;
; Ignore SOFT Buffers                                                             ; On                 ; On                 ;
; Limit AHDL Integers to 32 Bits                                                  ; Off                ; Off                ;
; Optimization Technique                                                          ; Balanced           ; Balanced           ;
; Carry Chain Length                                                              ; 70                 ; 70                 ;
; Auto Carry Chains                                                               ; On                 ; On                 ;
; Auto Open-Drain Pins                                                            ; On                 ; On                 ;
; Perform WYSIWYG Primitive Resynthesis                                           ; Off                ; Off                ;
; Auto ROM Replacement                                                            ; On                 ; On                 ;
; Auto RAM Replacement                                                            ; On                 ; On                 ;
; Auto DSP Block Replacement                                                      ; On                 ; On                 ;
; Auto Shift Register Replacement                                                 ; Auto               ; Auto               ;
; Allow Shift Register Merging across Hierarchies                                 ; Auto               ; Auto               ;
; Auto Clock Enable Replacement                                                   ; On                 ; On                 ;
; Strict RAM Replacement                                                          ; Off                ; Off                ;
; Allow Synchronous Control Signals                                               ; On                 ; On                 ;
; Force Use of Synchronous Clear Signals                                          ; Off                ; Off                ;
; Auto Resource Sharing                                                           ; Off                ; Off                ;
; Allow Any RAM Size For Recognition                                              ; Off                ; Off                ;
; Allow Any ROM Size For Recognition                                              ; Off                ; Off                ;
; Allow Any Shift Register Size For Recognition                                   ; Off                ; Off                ;
; Use LogicLock Constraints during Resource Balancing                             ; On                 ; On                 ;
; Ignore translate_off and synthesis_off directives                               ; Off                ; Off                ;
; Timing-Driven Synthesis                                                         ; On                 ; On                 ;
; Report Parameter Settings                                                       ; On                 ; On                 ;
; Report Source Assignments                                                       ; On                 ; On                 ;
; Report Connectivity Checks                                                      ; On                 ; On                 ;
; Ignore Maximum Fan-Out Assignments                                              ; Off                ; Off                ;
; Synchronization Register Chain Length                                           ; 3                  ; 3                  ;
; Power Optimization During Synthesis                                             ; Normal compilation ; Normal compilation ;
; HDL message level                                                               ; Level2             ; Level2             ;
; Suppress Register Optimization Related Messages                                 ; Off                ; Off                ;
; Number of Removed Registers Reported in Synthesis Report                        ; 5000               ; 5000               ;
; Number of Swept Nodes Reported in Synthesis Report                              ; 5000               ; 5000               ;
; Number of Inverted Registers Reported in Synthesis Report                       ; 100                ; 100                ;
; Clock MUX Protection                                                            ; On                 ; On                 ;
; Auto Gated Clock Conversion                                                     ; Off                ; Off                ;
; Block Design Naming                                                             ; Auto               ; Auto               ;
; SDC constraint protection                                                       ; Off                ; Off                ;
; Synthesis Effort                                                                ; Auto               ; Auto               ;
; Shift Register Replacement - Allow Asynchronous Clear Signal                    ; On                 ; On                 ;
; Pre-Mapping Resynthesis Optimization                                            ; Off                ; Off                ;
; Analysis & Synthesis Message Level                                              ; Medium             ; Medium             ;
; Disable Register Merging Across Hierarchies                                     ; Auto               ; Auto               ;
; Resource Aware Inference For Block RAM                                          ; On                 ; On                 ;
; Automatic Parallel Synthesis                                                    ; On                 ; On                 ;
; Partial Reconfiguration Bitstream ID                                            ; Off                ; Off                ;
+---------------------------------------------------------------------------------+--------------------+--------------------+


+------------------------------------------+
; Parallel Compilation                     ;
+----------------------------+-------------+
; Processors                 ; Number      ;
+----------------------------+-------------+
; Number detected on machine ; 8           ;
; Maximum allowed            ; 4           ;
;                            ;             ;
; Average used               ; 1.00        ;
; Maximum used               ; 4           ;
;                            ;             ;
; Usage by Processor         ; % Time Used ;
;     Processor 1            ; 100.0%      ;
;     Processor 2            ;   0.1%      ;
;     Processor 3            ;   0.1%      ;
;     Processor 4            ;   0.1%      ;
+----------------------------+-------------+


+-----------------------------------------------------------------------------------------------------------------------------------+
; Analysis & Synthesis Source Files Read                                                                                            ;
+----------------------------------+-----------------+------------------------------+-------------------------------------+---------+
; File Name with User-Entered Path ; Used in Netlist ; File Type                    ; File Name with Absolute Path        ; Library ;
+----------------------------------+-----------------+------------------------------+-------------------------------------+---------+
; ../src/divider.sv                ; yes             ; User SystemVerilog HDL File  ; C:/Escuela/Dividers/src/divider.sv  ;         ;
; ../src/Register.sv               ; yes             ; User SystemVerilog HDL File  ; C:/Escuela/Dividers/src/Register.sv ;         ;
+----------------------------------+-----------------+------------------------------+-------------------------------------+---------+


+-----------------------------------------------------------------------------+
; Analysis & Synthesis Resource Usage Summary                                 ;
+---------------------------------------------+-------------------------------+
; Resource                                    ; Usage                         ;
+---------------------------------------------+-------------------------------+
; Estimate of Logic utilization (ALMs needed) ; 3021                          ;
;                                             ;                               ;
; Combinational ALUT usage for logic          ; 5991                          ;
;     -- 7 input functions                    ; 0                             ;
;     -- 6 input functions                    ; 23                            ;
;     -- 5 input functions                    ; 79                            ;
;     -- 4 input functions                    ; 2665                          ;
;     -- <=3 input functions                  ; 3224                          ;
;                                             ;                               ;
; Dedicated logic registers                   ; 210                           ;
;                                             ;                               ;
; I/O pins                                    ; 212                           ;
;                                             ;                               ;
; Total DSP Blocks                            ; 0                             ;
;                                             ;                               ;
; Maximum fan-out node                        ; Register:is_signed_reg|out[0] ;
; Maximum fan-out                             ; 260                           ;
; Total fan-out                               ; 24405                         ;
; Average fan-out                             ; 3.68                          ;
+---------------------------------------------+-------------------------------+


+-----------------------------------------------------------------------------------------------------------------------------------------------------------------------------------------------------+
; Analysis & Synthesis Resource Utilization by Entity                                                                                                                                                 ;
+-----------------------------+---------------------+---------------------------+-------------------+------------+------+--------------+---------------------------------+-------------+--------------+
; Compilation Hierarchy Node  ; Combinational ALUTs ; Dedicated Logic Registers ; Block Memory Bits ; DSP Blocks ; Pins ; Virtual Pins ; Full Hierarchy Name             ; Entity Name ; Library Name ;
+-----------------------------+---------------------+---------------------------+-------------------+------------+------+--------------+---------------------------------+-------------+--------------+
; |divider                    ; 5991 (5886)         ; 210 (0)                   ; 0                 ; 0          ; 212  ; 0            ; |divider                        ; divider     ; work         ;
;    |Register:div_zero_reg|  ; 0 (0)               ; 1 (1)                     ; 0                 ; 0          ; 0    ; 0            ; |divider|Register:div_zero_reg  ; Register    ; work         ;
;    |Register:is_signed_reg| ; 0 (0)               ; 1 (1)                     ; 0                 ; 0          ; 0    ; 0            ; |divider|Register:is_signed_reg ; Register    ; work         ;
;    |Register:rem_reg|       ; 52 (52)             ; 52 (52)                   ; 0                 ; 0          ; 0    ; 0            ; |divider|Register:rem_reg       ; Register    ; work         ;
;    |Register:result_reg|    ; 53 (53)             ; 52 (52)                   ; 0                 ; 0          ; 0    ; 0            ; |divider|Register:result_reg    ; Register    ; work         ;
;    |Register:srca_reg|      ; 0 (0)               ; 52 (52)                   ; 0                 ; 0          ; 0    ; 0            ; |divider|Register:srca_reg      ; Register    ; work         ;
;    |Register:srcb_reg|      ; 0 (0)               ; 52 (52)                   ; 0                 ; 0          ; 0    ; 0            ; |divider|Register:srcb_reg      ; Register    ; work         ;
+-----------------------------+---------------------+---------------------------+-------------------+------------+------+--------------+---------------------------------+-------------+--------------+
Note: For table entries with two numbers listed, the numbers in parentheses indicate the number of resources of the given type used by the specific entity alone. The numbers listed outside of parentheses indicate the total resources of the given type used by the specific entity and all of its sub-entities in the hierarchy.


+------------------------------------------------------+
; General Register Statistics                          ;
+----------------------------------------------+-------+
; Statistic                                    ; Value ;
+----------------------------------------------+-------+
; Total registers                              ; 210   ;
; Number of registers using Synchronous Clear  ; 210   ;
; Number of registers using Synchronous Load   ; 0     ;
; Number of registers using Asynchronous Clear ; 0     ;
; Number of registers using Asynchronous Load  ; 0     ;
; Number of registers using Clock Enable       ; 0     ;
; Number of registers using Preset             ; 0     ;
+----------------------------------------------+-------+


+----------------------------------------------------------------------------------------------------------------------------------------------------+
; Multiplexer Restructuring Statistics (Restructuring Performed)                                                                                     ;
+--------------------+-----------+---------------+----------------------+------------------------+------------+--------------------------------------+
; Multiplexer Inputs ; Bus Width ; Baseline Area ; Area if Restructured ; Saving if Restructured ; Registered ; Example Multiplexer Output           ;
+--------------------+-----------+---------------+----------------------+------------------------+------------+--------------------------------------+
; 4:1                ; 52 bits   ; 104 LEs       ; 52 LEs               ; 52 LEs                 ; Yes        ; |divider|Register:result_reg|out[51] ;
; 4:1                ; 52 bits   ; 104 LEs       ; 104 LEs              ; 0 LEs                  ; Yes        ; |divider|Register:rem_reg|out[23]    ;
+--------------------+-----------+---------------+----------------------+------------------------+------------+--------------------------------------+


+-------------------------------------------------------------------------+
; Parameter Settings for User Entity Instance: Top-level Entity: |divider ;
+----------------+-------+------------------------------------------------+
; Parameter Name ; Value ; Type                                           ;
+----------------+-------+------------------------------------------------+
; WIDTH          ; 52    ; Signed Integer                                 ;
+----------------+-------+------------------------------------------------+
Note: In order to hide this table in the UI and the text report file, please set the "Show Parameter Settings in Synthesis Report" option in "Analysis and Synthesis Settings -> More Settings" to "Off".


+-----------------------------------------------------------------------------------------+
; Parameter Settings for User Entity Instance: Register:srca_reg                          ;
+----------------+------------------------------------------------------+-----------------+
; Parameter Name ; Value                                                ; Type            ;
+----------------+------------------------------------------------------+-----------------+
; LENGTH         ; 52                                                   ; Signed Integer  ;
; RSTVALUE       ; 0000000000000000000000000000000000000000000000000000 ; Unsigned Binary ;
+----------------+------------------------------------------------------+-----------------+
Note: In order to hide this table in the UI and the text report file, please set the "Show Parameter Settings in Synthesis Report" option in "Analysis and Synthesis Settings -> More Settings" to "Off".


+-----------------------------------------------------------------------------------------+
; Parameter Settings for User Entity Instance: Register:srcb_reg                          ;
+----------------+------------------------------------------------------+-----------------+
; Parameter Name ; Value                                                ; Type            ;
+----------------+------------------------------------------------------+-----------------+
; LENGTH         ; 52                                                   ; Signed Integer  ;
; RSTVALUE       ; 0000000000000000000000000000000000000000000000000000 ; Unsigned Binary ;
+----------------+------------------------------------------------------+-----------------+
Note: In order to hide this table in the UI and the text report file, please set the "Show Parameter Settings in Synthesis Report" option in "Analysis and Synthesis Settings -> More Settings" to "Off".


+---------------------------------------------------------------------+
; Parameter Settings for User Entity Instance: Register:is_signed_reg ;
+----------------+-------+--------------------------------------------+
; Parameter Name ; Value ; Type                                       ;
+----------------+-------+--------------------------------------------+
; LENGTH         ; 1     ; Signed Integer                             ;
; RSTVALUE       ; 0     ; Unsigned Binary                            ;
+----------------+-------+--------------------------------------------+
Note: In order to hide this table in the UI and the text report file, please set the "Show Parameter Settings in Synthesis Report" option in "Analysis and Synthesis Settings -> More Settings" to "Off".


+-----------------------------------------------------------------------------------------+
; Parameter Settings for User Entity Instance: Register:result_reg                        ;
+----------------+------------------------------------------------------+-----------------+
; Parameter Name ; Value                                                ; Type            ;
+----------------+------------------------------------------------------+-----------------+
; LENGTH         ; 52                                                   ; Signed Integer  ;
; RSTVALUE       ; 0000000000000000000000000000000000000000000000000000 ; Unsigned Binary ;
+----------------+------------------------------------------------------+-----------------+
Note: In order to hide this table in the UI and the text report file, please set the "Show Parameter Settings in Synthesis Report" option in "Analysis and Synthesis Settings -> More Settings" to "Off".


+-----------------------------------------------------------------------------------------+
; Parameter Settings for User Entity Instance: Register:rem_reg                           ;
+----------------+------------------------------------------------------+-----------------+
; Parameter Name ; Value                                                ; Type            ;
+----------------+------------------------------------------------------+-----------------+
; LENGTH         ; 52                                                   ; Signed Integer  ;
; RSTVALUE       ; 0000000000000000000000000000000000000000000000000000 ; Unsigned Binary ;
+----------------+------------------------------------------------------+-----------------+
Note: In order to hide this table in the UI and the text report file, please set the "Show Parameter Settings in Synthesis Report" option in "Analysis and Synthesis Settings -> More Settings" to "Off".


+--------------------------------------------------------------------+
; Parameter Settings for User Entity Instance: Register:div_zero_reg ;
+----------------+-------+-------------------------------------------+
; Parameter Name ; Value ; Type                                      ;
+----------------+-------+-------------------------------------------+
; LENGTH         ; 1     ; Signed Integer                            ;
; RSTVALUE       ; 0     ; Unsigned Binary                           ;
+----------------+-------+-------------------------------------------+
Note: In order to hide this table in the UI and the text report file, please set the "Show Parameter Settings in Synthesis Report" option in "Analysis and Synthesis Settings -> More Settings" to "Off".


+---------------------------------------------------+
; Port Connectivity Checks: "Register:div_zero_reg" ;
+------+-------+----------+-------------------------+
; Port ; Type  ; Severity ; Details                 ;
+------+-------+----------+-------------------------+
; ena  ; Input ; Info     ; Stuck at VCC            ;
+------+-------+----------+-------------------------+


+----------------------------------------------+
; Port Connectivity Checks: "Register:rem_reg" ;
+------+-------+----------+--------------------+
; Port ; Type  ; Severity ; Details            ;
+------+-------+----------+--------------------+
; ena  ; Input ; Info     ; Stuck at VCC       ;
+------+-------+----------+--------------------+


+-------------------------------------------------+
; Port Connectivity Checks: "Register:result_reg" ;
+------+-------+----------+-----------------------+
; Port ; Type  ; Severity ; Details               ;
+------+-------+----------+-----------------------+
; ena  ; Input ; Info     ; Stuck at VCC          ;
+------+-------+----------+-----------------------+


+----------------------------------------------------+
; Port Connectivity Checks: "Register:is_signed_reg" ;
+------+-------+----------+--------------------------+
; Port ; Type  ; Severity ; Details                  ;
+------+-------+----------+--------------------------+
; ena  ; Input ; Info     ; Stuck at VCC             ;
+------+-------+----------+--------------------------+


+-----------------------------------------------+
; Port Connectivity Checks: "Register:srcb_reg" ;
+------+-------+----------+---------------------+
; Port ; Type  ; Severity ; Details             ;
+------+-------+----------+---------------------+
; ena  ; Input ; Info     ; Stuck at VCC        ;
+------+-------+----------+---------------------+


+-----------------------------------------------+
; Port Connectivity Checks: "Register:srca_reg" ;
+------+-------+----------+---------------------+
; Port ; Type  ; Severity ; Details             ;
+------+-------+----------+---------------------+
; ena  ; Input ; Info     ; Stuck at VCC        ;
+------+-------+----------+---------------------+


+-----------------------------------------------------+
; Post-Synthesis Netlist Statistics for Top Partition ;
+-----------------------+-----------------------------+
; Type                  ; Count                       ;
+-----------------------+-----------------------------+
; arriav_ff             ; 210                         ;
;     SCLR              ; 210                         ;
; arriav_lcell_comb     ; 5991                        ;
;     arith             ; 5718                        ;
;         0 data inputs ; 51                          ;
;         2 data inputs ; 2757                        ;
;         3 data inputs ; 257                         ;
;         4 data inputs ; 2653                        ;
;     normal            ; 220                         ;
;         2 data inputs ; 53                          ;
;         3 data inputs ; 53                          ;
;         4 data inputs ; 12                          ;
;         5 data inputs ; 79                          ;
;         6 data inputs ; 23                          ;
;     shared            ; 53                          ;
;         0 data inputs ; 1                           ;
;         1 data inputs ; 51                          ;
;         2 data inputs ; 1                           ;
; boundary_port         ; 212                         ;
;                       ;                             ;
; Max LUT depth         ; 331.50                      ;
; Average LUT depth     ; 313.97                      ;
+-----------------------+-----------------------------+


+-------------------------------+
; Elapsed Time Per Partition    ;
+----------------+--------------+
; Partition Name ; Elapsed Time ;
+----------------+--------------+
; Top            ; 00:00:02     ;
+----------------+--------------+


+-------------------------------+
; Analysis & Synthesis Messages ;
+-------------------------------+
Info: *******************************************************************
Info: Running Quartus Prime Analysis & Synthesis
    Info: Version 25.1std.0 Build 1129 10/21/2025 SC Lite Edition
    Info: Processing started: Mon Jul 13 00:40:26 2026
Info: Command: quartus_map --read_settings_files=on --write_settings_files=off Dividers -c Dividers
Warning (18236): Number of processors has not been specified which may cause overloading on shared machines.  Set the global assignment NUM_PARALLEL_PROCESSORS in your QSF to an appropriate value for best performance.
Info (20030): Parallel compilation is enabled and will use 4 of the 4 processors detected
Info (12021): Found 1 design units, including 1 entities, in source file /escuela/dividers/src/divider.sv
    Info (12023): Found entity 1: divider File: C:/Escuela/Dividers/src/divider.sv Line: 1
Info (12021): Found 2 design units, including 2 entities, in source file /escuela/dividers/src/register.sv
    Info (12023): Found entity 1: Register File: C:/Escuela/Dividers/src/Register.sv Line: 1
    Info (12023): Found entity 2: Register_DW File: C:/Escuela/Dividers/src/Register.sv Line: 26
Info (12127): Elaborating entity "divider" for the top level hierarchy
Info (12128): Elaborating entity "Register" for hierarchy "Register:srca_reg" File: C:/Escuela/Dividers/src/divider.sv Line: 24
Info (12128): Elaborating entity "Register" for hierarchy "Register:is_signed_reg" File: C:/Escuela/Dividers/src/divider.sv Line: 26
Info (286030): Timing-Driven Synthesis is running
Info (16010): Generating hard_block partition "hard_block:auto_generated_inst"
    Info (16011): Adding 0 node(s), including 0 DDIO, 0 PLL, 0 transceiver and 0 LCELL
Info (21057): Implemented 6309 device resources after synthesis - the final resource count might be different
    Info (21058): Implemented 107 input pins
    Info (21059): Implemented 105 output pins
    Info (21061): Implemented 6097 logic cells
Info: Quartus Prime Analysis & Synthesis was successful. 0 errors, 1 warning
    Info: Peak virtual memory: 4908 megabytes
    Info: Processing ended: Mon Jul 13 00:40:37 2026
    Info: Elapsed time: 00:00:11
    Info: Total CPU time (on all processors): 00:00:21


